SQL> 
SQL> set echo on
SQL> set timing on
SQL> 
SQL> CREATE BIGFILE TABLESPACE AUDITORIA NOLOGGING ONLINE PERMANENT EXTENT MANAGEMENT LOCAL AUTOALLOCATE SEGMENT SPACE MANAGEMENT AUTO DATAFILE SIZE 500M AUTOEXTEND ON NEXT 500M;

Tablespace created.

Elapsed: 00:00:02.89
SQL> CREATE BIGFILE TABLESPACE AUDITORIA_DATA NOLOGGING ONLINE PERMANENT EXTENT MANAGEMENT LOCAL AUTOALLOCATE SEGMENT SPACE MANAGEMENT AUTO DATAFILE SIZE 500M AUTOEXTEND ON NEXT 500M;

Tablespace created.

Elapsed: 00:00:02.15
SQL> CREATE BIGFILE TABLESPACE AUDITORIA_INDEX NOLOGGING ONLINE PERMANENT EXTENT MANAGEMENT LOCAL AUTOALLOCATE SEGMENT SPACE MANAGEMENT AUTO DATAFILE SIZE 500M AUTOEXTEND ON NEXT 500M;

Tablespace created.

Elapsed: 00:00:01.80
SQL> CREATE BIGFILE TABLESPACE CENTRAL_RISCO NOLOGGING ONLINE PERMANENT EXTENT MANAGEMENT LOCAL AUTOALLOCATE SEGMENT SPACE MANAGEMENT AUTO DATAFILE SIZE 500M AUTOEXTEND ON NEXT 500M;

Tablespace created.

Elapsed: 00:00:01.75
SQL> CREATE BIGFILE TABLESPACE FINPAC_DATA NOLOGGING ONLINE PERMANENT EXTENT MANAGEMENT LOCAL AUTOALLOCATE SEGMENT SPACE MANAGEMENT AUTO DATAFILE SIZE 15G AUTOEXTEND ON NEXT 500M;

Tablespace created.

Elapsed: 00:00:51.88
SQL> CREATE BIGFILE TABLESPACE FINPAC_INDEX NOLOGGING ONLINE PERMANENT EXTENT MANAGEMENT LOCAL AUTOALLOCATE SEGMENT SPACE MANAGEMENT AUTO DATAFILE SIZE 25G AUTOEXTEND ON NEXT 500M;

Tablespace created.

Elapsed: 00:01:03.93
SQL> CREATE BIGFILE TABLESPACE INDICES_PART NOLOGGING ONLINE PERMANENT EXTENT MANAGEMENT LOCAL AUTOALLOCATE SEGMENT SPACE MANAGEMENT AUTO DATAFILE SIZE 50G AUTOEXTEND ON NEXT 500M;

Tablespace created.

Elapsed: 00:02:42.10
SQL> CREATE BIGFILE TABLESPACE INDICES_TEMP NOLOGGING ONLINE PERMANENT EXTENT MANAGEMENT LOCAL AUTOALLOCATE SEGMENT SPACE MANAGEMENT AUTO DATAFILE SIZE 500M AUTOEXTEND ON NEXT 500M;

Tablespace created.

Elapsed: 00:00:02.09
SQL> CREATE BIGFILE TABLESPACE MIDDLE_DATA NOLOGGING ONLINE PERMANENT EXTENT MANAGEMENT LOCAL AUTOALLOCATE SEGMENT SPACE MANAGEMENT AUTO DATAFILE SIZE 500M AUTOEXTEND ON NEXT 500M;

Tablespace created.

Elapsed: 00:00:02.36
SQL> CREATE BIGFILE TABLESPACE MIDDLE_INDEX NOLOGGING ONLINE PERMANENT EXTENT MANAGEMENT LOCAL AUTOALLOCATE SEGMENT SPACE MANAGEMENT AUTO DATAFILE SIZE 500M AUTOEXTEND ON NEXT 500M;

Tablespace created.

Elapsed: 00:00:02.24
SQL> CREATE BIGFILE TABLESPACE MIO_DATA NOLOGGING ONLINE PERMANENT EXTENT MANAGEMENT LOCAL AUTOALLOCATE SEGMENT SPACE MANAGEMENT AUTO DATAFILE SIZE 500M AUTOEXTEND ON NEXT 500M;

Tablespace created.

Elapsed: 00:00:01.86
SQL> CREATE BIGFILE TABLESPACE MIO_INDEX NOLOGGING ONLINE PERMANENT EXTENT MANAGEMENT LOCAL AUTOALLOCATE SEGMENT SPACE MANAGEMENT AUTO DATAFILE SIZE 500M AUTOEXTEND ON NEXT 500M;

Tablespace created.

Elapsed: 00:00:01.17
SQL> CREATE BIGFILE TABLESPACE SDBANCO_DATA NOLOGGING ONLINE PERMANENT EXTENT MANAGEMENT LOCAL AUTOALLOCATE SEGMENT SPACE MANAGEMENT AUTO DATAFILE SIZE 80G AUTOEXTEND ON NEXT 500M;

Tablespace created.

Elapsed: 00:04:20.92
SQL> CREATE BIGFILE TABLESPACE SDBANCO_DATA_GRANT NOLOGGING ONLINE PERMANENT EXTENT MANAGEMENT LOCAL AUTOALLOCATE SEGMENT SPACE MANAGEMENT AUTO DATAFILE SIZE 25G AUTOEXTEND ON NEXT 500M;

Tablespace created.

Elapsed: 00:01:25.06
SQL> CREATE BIGFILE TABLESPACE SDBANCO_DATA100 NOLOGGING ONLINE PERMANENT EXTENT MANAGEMENT LOCAL AUTOALLOCATE SEGMENT SPACE MANAGEMENT AUTO DATAFILE SIZE 30G AUTOEXTEND ON NEXT 500M;

Tablespace created.

Elapsed: 00:01:25.14
SQL> CREATE BIGFILE TABLESPACE SD_INDEX NOLOGGING ONLINE PERMANENT EXTENT MANAGEMENT LOCAL AUTOALLOCATE SEGMENT SPACE MANAGEMENT AUTO DATAFILE SIZE 75G AUTOEXTEND ON NEXT 500M;

Tablespace created.

Elapsed: 00:03:23.81
SQL> CREATE BIGFILE TABLESPACE SD2_INDEX NOLOGGING ONLINE PERMANENT EXTENT MANAGEMENT LOCAL AUTOALLOCATE SEGMENT SPACE MANAGEMENT AUTO DATAFILE SIZE 1G AUTOEXTEND ON NEXT 500M;

Tablespace created.

Elapsed: 00:00:04.72
SQL> CREATE BIGFILE TABLESPACE SPB_DATA NOLOGGING ONLINE PERMANENT EXTENT MANAGEMENT LOCAL AUTOALLOCATE SEGMENT SPACE MANAGEMENT AUTO DATAFILE SIZE 500M AUTOEXTEND ON NEXT 500M;

Tablespace created.

Elapsed: 00:00:02.71
SQL> CREATE BIGFILE TABLESPACE SPB_INDEX NOLOGGING ONLINE PERMANENT EXTENT MANAGEMENT LOCAL AUTOALLOCATE SEGMENT SPACE MANAGEMENT AUTO DATAFILE SIZE 500M AUTOEXTEND ON NEXT 500M;

Tablespace created.

Elapsed: 00:00:02.48
SQL> CREATE BIGFILE TABLESPACE TABELAS_PART NOLOGGING ONLINE PERMANENT EXTENT MANAGEMENT LOCAL AUTOALLOCATE SEGMENT SPACE MANAGEMENT AUTO DATAFILE SIZE 10G AUTOEXTEND ON NEXT 500M;

Tablespace created.

Elapsed: 00:00:40.37
SQL> CREATE BIGFILE TABLESPACE TBS_DADOS_TMP NOLOGGING ONLINE PERMANENT EXTENT MANAGEMENT LOCAL AUTOALLOCATE SEGMENT SPACE MANAGEMENT AUTO DATAFILE SIZE 1G AUTOEXTEND ON NEXT 500M;

Tablespace created.

Elapsed: 00:00:02.21
SQL> CREATE BIGFILE TABLESPACE USER_DATA NOLOGGING ONLINE PERMANENT EXTENT MANAGEMENT LOCAL AUTOALLOCATE SEGMENT SPACE MANAGEMENT AUTO DATAFILE SIZE 100M AUTOEXTEND ON NEXT 100M;

Tablespace created.

Elapsed: 00:00:00.37
SQL> 
SQL> spool off
