SQL> set timing on
SQL> 
SQL> CREATE BIGFILE TABLESPACE AUDITORIA NOLOGGING ONLINE PERMANENT EXTENT MANAGEMENT LOCAL AUTOALLOCATE SEGMENT SPACE MANAGEMENT AUTO DATAFILE SIZE 1G AUTOEXTEND ON NEXT 500M;

Tablespace created.

Elapsed: 00:00:05.31
SQL> CREATE BIGFILE TABLESPACE AUDITORIA_DATA NOLOGGING ONLINE PERMANENT EXTENT MANAGEMENT LOCAL AUTOALLOCATE SEGMENT SPACE MANAGEMENT AUTO DATAFILE SIZE 1G AUTOEXTEND ON NEXT 500M;

Tablespace created.

Elapsed: 00:00:05.37
SQL> CREATE BIGFILE TABLESPACE AUDITORIA_INDEX NOLOGGING ONLINE PERMANENT EXTENT MANAGEMENT LOCAL AUTOALLOCATE SEGMENT SPACE MANAGEMENT AUTO DATAFILE SIZE 1G AUTOEXTEND ON NEXT 500M;

Tablespace created.

Elapsed: 00:00:04.65
SQL> CREATE BIGFILE TABLESPACE CENTRAL_RISCO NOLOGGING ONLINE PERMANENT EXTENT MANAGEMENT LOCAL AUTOALLOCATE SEGMENT SPACE MANAGEMENT AUTO DATAFILE SIZE 1G AUTOEXTEND ON NEXT 500M;

Tablespace created.

Elapsed: 00:00:04.57
SQL> CREATE BIGFILE TABLESPACE FINPAC_DATA NOLOGGING ONLINE PERMANENT EXTENT MANAGEMENT LOCAL AUTOALLOCATE SEGMENT SPACE MANAGEMENT AUTO DATAFILE SIZE 1G AUTOEXTEND ON NEXT 500M;

Tablespace created.

Elapsed: 00:00:04.46
SQL> CREATE BIGFILE TABLESPACE FINPAC_INDEX NOLOGGING ONLINE PERMANENT EXTENT MANAGEMENT LOCAL AUTOALLOCATE SEGMENT SPACE MANAGEMENT AUTO DATAFILE SIZE 1G AUTOEXTEND ON NEXT 500M;

Tablespace created.

Elapsed: 00:00:04.32
SQL> CREATE BIGFILE TABLESPACE INDICES_PART NOLOGGING ONLINE PERMANENT EXTENT MANAGEMENT LOCAL AUTOALLOCATE SEGMENT SPACE MANAGEMENT AUTO DATAFILE SIZE 1G AUTOEXTEND ON NEXT 500M;

Tablespace created.

Elapsed: 00:00:04.68
SQL> CREATE BIGFILE TABLESPACE INDICES_TEMP NOLOGGING ONLINE PERMANENT EXTENT MANAGEMENT LOCAL AUTOALLOCATE SEGMENT SPACE MANAGEMENT AUTO DATAFILE SIZE 1G AUTOEXTEND ON NEXT 500M;

Tablespace created.

Elapsed: 00:00:04.35
SQL> CREATE BIGFILE TABLESPACE MIDDLE_DATA NOLOGGING ONLINE PERMANENT EXTENT MANAGEMENT LOCAL AUTOALLOCATE SEGMENT SPACE MANAGEMENT AUTO DATAFILE SIZE 1G AUTOEXTEND ON NEXT 500M;

Tablespace created.

Elapsed: 00:00:04.53
SQL> CREATE BIGFILE TABLESPACE MIDDLE_INDEX NOLOGGING ONLINE PERMANENT EXTENT MANAGEMENT LOCAL AUTOALLOCATE SEGMENT SPACE MANAGEMENT AUTO DATAFILE SIZE 1G AUTOEXTEND ON NEXT 500M;

Tablespace created.

Elapsed: 00:00:04.50
SQL> CREATE BIGFILE TABLESPACE MIO_DATA NOLOGGING ONLINE PERMANENT EXTENT MANAGEMENT LOCAL AUTOALLOCATE SEGMENT SPACE MANAGEMENT AUTO DATAFILE SIZE 1G AUTOEXTEND ON NEXT 500M;

Tablespace created.

Elapsed: 00:00:04.34
SQL> CREATE BIGFILE TABLESPACE MIO_INDEX NOLOGGING ONLINE PERMANENT EXTENT MANAGEMENT LOCAL AUTOALLOCATE SEGMENT SPACE MANAGEMENT AUTO DATAFILE SIZE 1G AUTOEXTEND ON NEXT 500M;

Tablespace created.

Elapsed: 00:00:04.67
SQL> CREATE BIGFILE TABLESPACE SDBANCO_DATA NOLOGGING ONLINE PERMANENT EXTENT MANAGEMENT LOCAL AUTOALLOCATE SEGMENT SPACE MANAGEMENT AUTO DATAFILE SIZE 1G AUTOEXTEND ON NEXT 500M;

Tablespace created.

Elapsed: 00:00:04.46
SQL> CREATE BIGFILE TABLESPACE SDBANCO_DATA_GRANT NOLOGGING ONLINE PERMANENT EXTENT MANAGEMENT LOCAL AUTOALLOCATE SEGMENT SPACE MANAGEMENT AUTO DATAFILE SIZE 1G AUTOEXTEND ON NEXT 500M;

Tablespace created.

Elapsed: 00:00:04.85
SQL> CREATE BIGFILE TABLESPACE SDBANCO_DATA100 NOLOGGING ONLINE PERMANENT EXTENT MANAGEMENT LOCAL AUTOALLOCATE SEGMENT SPACE MANAGEMENT AUTO DATAFILE SIZE 1G AUTOEXTEND ON NEXT 500M;

Tablespace created.

Elapsed: 00:00:04.42
SQL> CREATE BIGFILE TABLESPACE SD_INDEX NOLOGGING ONLINE PERMANENT EXTENT MANAGEMENT LOCAL AUTOALLOCATE SEGMENT SPACE MANAGEMENT AUTO DATAFILE SIZE 1G AUTOEXTEND ON NEXT 500M;

Tablespace created.

Elapsed: 00:00:04.54
SQL> CREATE BIGFILE TABLESPACE SD2_INDEX NOLOGGING ONLINE PERMANENT EXTENT MANAGEMENT LOCAL AUTOALLOCATE SEGMENT SPACE MANAGEMENT AUTO DATAFILE SIZE 1G AUTOEXTEND ON NEXT 500M;

Tablespace created.

Elapsed: 00:00:04.57
SQL> CREATE BIGFILE TABLESPACE SPB_DATA NOLOGGING ONLINE PERMANENT EXTENT MANAGEMENT LOCAL AUTOALLOCATE SEGMENT SPACE MANAGEMENT AUTO DATAFILE SIZE 1G AUTOEXTEND ON NEXT 500M;

Tablespace created.

Elapsed: 00:00:04.46
SQL> CREATE BIGFILE TABLESPACE SPB_INDEX NOLOGGING ONLINE PERMANENT EXTENT MANAGEMENT LOCAL AUTOALLOCATE SEGMENT SPACE MANAGEMENT AUTO DATAFILE SIZE 1G AUTOEXTEND ON NEXT 500M;

Tablespace created.

Elapsed: 00:00:04.89
SQL> CREATE BIGFILE TABLESPACE TABELAS_PART NOLOGGING ONLINE PERMANENT EXTENT MANAGEMENT LOCAL AUTOALLOCATE SEGMENT SPACE MANAGEMENT AUTO DATAFILE SIZE 1G AUTOEXTEND ON NEXT 500M;

Tablespace created.

Elapsed: 00:00:04.71
SQL> CREATE BIGFILE TABLESPACE TBS_DADOS_TMP NOLOGGING ONLINE PERMANENT EXTENT MANAGEMENT LOCAL AUTOALLOCATE SEGMENT SPACE MANAGEMENT AUTO DATAFILE SIZE 1G AUTOEXTEND ON NEXT 500M;

Tablespace created.

Elapsed: 00:00:05.03
SQL> CREATE BIGFILE TABLESPACE USER_DATA NOLOGGING ONLINE PERMANENT EXTENT MANAGEMENT LOCAL AUTOALLOCATE SEGMENT SPACE MANAGEMENT AUTO DATAFILE SIZE 1G AUTOEXTEND ON NEXT 500M;

Tablespace created.

Elapsed: 00:00:04.71
SQL> 
SQL> spool off
