SQL> 
SQL> set echo on
SQL> set timing on
SQL> 
SQL> CREATE BIGFILE TABLESPACE USERS NOLOGGING ONLINE PERMANENT EXTENT MANAGEMENT LOCAL AUTOALLOCATE SEGMENT SPACE MANAGEMENT AUTO DATAFILE SIZE 50M AUTOEXTEND ON NEXT 50M;

Tablespace created.

Elapsed: 00:00:00.50
SQL> CREATE BIGFILE TABLESPACE AUDITORIA NOLOGGING ONLINE PERMANENT EXTENT MANAGEMENT LOCAL AUTOALLOCATE SEGMENT SPACE MANAGEMENT AUTO DATAFILE SIZE 500M AUTOEXTEND ON NEXT 500M;

Tablespace created.

Elapsed: 00:00:02.22
SQL> CREATE BIGFILE TABLESPACE AUDITORIA_DATA NOLOGGING ONLINE PERMANENT EXTENT MANAGEMENT LOCAL AUTOALLOCATE SEGMENT SPACE MANAGEMENT AUTO DATAFILE SIZE 500M AUTOEXTEND ON NEXT 500M;

Tablespace created.

Elapsed: 00:00:02.55
SQL> CREATE BIGFILE TABLESPACE AUDITORIA_INDEX NOLOGGING ONLINE PERMANENT EXTENT MANAGEMENT LOCAL AUTOALLOCATE SEGMENT SPACE MANAGEMENT AUTO DATAFILE SIZE 500M AUTOEXTEND ON NEXT 500M;

Tablespace created.

Elapsed: 00:00:02.49
SQL> CREATE BIGFILE TABLESPACE CARTAO_DADOS NOLOGGING ONLINE PERMANENT EXTENT MANAGEMENT LOCAL AUTOALLOCATE SEGMENT SPACE MANAGEMENT AUTO DATAFILE SIZE 5G AUTOEXTEND ON NEXT 500M;

Tablespace created.

Elapsed: 00:00:20.29
SQL> CREATE BIGFILE TABLESPACE CARTAO_INDICES NOLOGGING ONLINE PERMANENT EXTENT MANAGEMENT LOCAL AUTOALLOCATE SEGMENT SPACE MANAGEMENT AUTO DATAFILE SIZE 5G AUTOEXTEND ON NEXT 500M;

Tablespace created.

Elapsed: 00:00:21.87
SQL> CREATE BIGFILE TABLESPACE RETAG_DADOS NOLOGGING ONLINE PERMANENT EXTENT MANAGEMENT LOCAL AUTOALLOCATE SEGMENT SPACE MANAGEMENT AUTO DATAFILE SIZE 195G AUTOEXTEND ON NEXT 500M;

Tablespace created.

Elapsed: 00:12:26.63
SQL> CREATE BIGFILE TABLESPACE RETAG_INDICES NOLOGGING ONLINE PERMANENT EXTENT MANAGEMENT LOCAL AUTOALLOCATE SEGMENT SPACE MANAGEMENT AUTO DATAFILE SIZE 59G AUTOEXTEND ON NEXT 500M;

Tablespace created.

Elapsed: 00:03:13.23
SQL> 
SQL> spool off
