SQL> set echo on
SQL> 
SQL> CREATE USER CARTAO 		       IDENTIFIED BY VALUES 'D09D1B6BDFCEC02C' DEFAULT TABLESPACE CARTAO_DADOS TEMPORARY TABLESPACE TEMP ;

User created.

Elapsed: 00:00:00.07
SQL> CREATE USER DBL_BI_ODI	       IDENTIFIED BY VALUES '7AE8B31AFECA8B93' DEFAULT TABLESPACE RETAG_DADOS  TEMPORARY TABLESPACE TEMP ;

User created.

Elapsed: 00:00:00.03
SQL> CREATE USER DBLINK_TOOLSH	       IDENTIFIED BY VALUES '020A1336486CE44C' DEFAULT TABLESPACE RETAG_DADOS  TEMPORARY TABLESPACE TEMP ;

User created.

Elapsed: 00:00:00.03
SQL> CREATE USER DBLINK_FINHOMO11G IDENTIFIED BY VALUES '8DBE9405FDEC6291' DEFAULT TABLESPACE RETAG_DADOS  TEMPORARY TABLESPACE TEMP ;

User created.

Elapsed: 00:00:00.03
SQL> CREATE USER LK_MIS 		       IDENTIFIED BY VALUES 'B754F590D9A5FE9E' DEFAULT TABLESPACE RETAG_DADOS  TEMPORARY TABLESPACE TEMP ;

User created.

Elapsed: 00:00:00.03
SQL> CREATE USER LK_CARTAO	       IDENTIFIED BY VALUES 'D6610156390AD019' DEFAULT TABLESPACE RETAG_DADOS  TEMPORARY TABLESPACE TEMP ;

User created.

Elapsed: 00:00:00.04
SQL> CREATE USER LK_CONSIG	       IDENTIFIED BY VALUES 'C20CB686CAB0F2EB' DEFAULT TABLESPACE RETAG_DADOS  TEMPORARY TABLESPACE TEMP ;

User created.

Elapsed: 00:00:00.03
SQL> CREATE USER LK_MIS_RETAG	       IDENTIFIED BY VALUES '5E572C25C94EF453' DEFAULT TABLESPACE RETAG_DADOS  TEMPORARY TABLESPACE TEMP ;

User created.

Elapsed: 00:00:00.03
SQL> CREATE USER LK_SUPORTE_TI	       IDENTIFIED BY VALUES '6650045AD5945D6F' DEFAULT TABLESPACE RETAG_DADOS  TEMPORARY TABLESPACE TEMP ;

User created.

Elapsed: 00:00:00.03
SQL> CREATE USER LK_CARTAO_BINOVO  IDENTIFIED BY VALUES 'CA6C742C05A795B1' DEFAULT TABLESPACE CARTAO_DADOS TEMPORARY TABLESPACE TEMP ;

User created.

Elapsed: 00:00:00.03
SQL> CREATE USER NETBACKUP	       IDENTIFIED BY VALUES '9DBA906975B4978B' DEFAULT TABLESPACE USERS 	       TEMPORARY TABLESPACE TEMP ;

User created.

Elapsed: 00:00:00.03
SQL> CREATE USER RETAGUARDA	       IDENTIFIED BY VALUES '9C36D1ECA24F6A32' DEFAULT TABLESPACE RETAG_DADOS  TEMPORARY TABLESPACE TEMP ;

User created.

Elapsed: 00:00:00.04
SQL> CREATE USER RETAG_INSS	       IDENTIFIED BY VALUES '588008D9A215DD2B' DEFAULT TABLESPACE RETAG_DADOS  TEMPORARY TABLESPACE TEMP ;

User created.

Elapsed: 00:00:00.03
SQL> CREATE USER RETAGUARDA_JOBS   IDENTIFIED BY VALUES '71B6B11F6278422E' DEFAULT TABLESPACE RETAG_DADOS  TEMPORARY TABLESPACE TEMP ;

User created.

Elapsed: 00:00:00.03
SQL> CREATE USER SCA			       IDENTIFIED BY VALUES '7ED8ECE4E517CD8D' DEFAULT TABLESPACE CARTAO_DADOS TEMPORARY TABLESPACE TEMP ;

User created.

Elapsed: 00:00:00.03
SQL> CREATE USER SCPTOOLS	       IDENTIFIED BY VALUES '0D96AEBFDB18DA9C' DEFAULT TABLESPACE RETAG_DADOS  TEMPORARY TABLESPACE TEMP ;

User created.

Elapsed: 00:00:00.03
SQL> CREATE USER SCPTOOLS1	       IDENTIFIED BY VALUES '8820F54838ED87FD' DEFAULT TABLESPACE RETAG_DADOS  TEMPORARY TABLESPACE TEMP ;

User created.

Elapsed: 00:00:00.03
SQL> CREATE USER SUPORTERJ	       IDENTIFIED BY VALUES 'C893884F01CC52CA' DEFAULT TABLESPACE CARTAO_DADOS TEMPORARY TABLESPACE TEMP ;

User created.

Elapsed: 00:00:00.04
SQL> CREATE USER TOOLS			       IDENTIFIED BY VALUES 'D74E4D91DEEC2AE2' DEFAULT TABLESPACE RETAG_DADOS  TEMPORARY TABLESPACE TEMP ;

User created.

Elapsed: 00:00:00.03
SQL> CREATE USER BACEN			       IDENTIFIED BY VALUES 'C94CFF9045B760C5' DEFAULT TABLESPACE CARTAO_DADOS TEMPORARY TABLESPACE TEMP ;

User created.

Elapsed: 00:00:00.03
SQL> CREATE USER CARTAO_JOBS	       IDENTIFIED BY VALUES 'EFDC5E9EF45493E1' DEFAULT TABLESPACE CARTAO_DADOS TEMPORARY TABLESPACE TEMP ;

User created.

Elapsed: 00:00:00.03
SQL> CREATE USER SCPTOOLS1_JOBS        IDENTIFIED BY VALUES '341D6C925167EA82' DEFAULT TABLESPACE RETAG_DADOS  TEMPORARY TABLESPACE TEMP ;

User created.

Elapsed: 00:00:00.03
SQL> CREATE USER SQLGERENCIAL	       IDENTIFIED BY VALUES 'F4B9D4DD8FC3D5A6' DEFAULT TABLESPACE RETAG_DADOS  TEMPORARY TABLESPACE TEMP ;

User created.

Elapsed: 00:00:00.04
SQL> 
SQL> -- SYSTEM GRANTS
SQL> 
SQL> GRANT CREATE SESSION TO "CARTAO_JOBS";

Grant succeeded.

Elapsed: 00:00:00.00
SQL> GRANT CREATE SESSION TO "SCA";

Grant succeeded.

Elapsed: 00:00:00.01
SQL> GRANT CREATE SESSION TO "BACEN";

Grant succeeded.

Elapsed: 00:00:00.01
SQL> GRANT CREATE SESSION TO "SUPORTERJ";

Grant succeeded.

Elapsed: 00:00:00.00
SQL> GRANT CREATE SESSION TO "CARTAO";

Grant succeeded.

Elapsed: 00:00:00.01
SQL> GRANT CREATE SESSION TO "LK_CARTAO_BINOVO";

Grant succeeded.

Elapsed: 00:00:00.00
SQL> GRANT CREATE SESSION TO "RETAGUARDA_JOBS";

Grant succeeded.

Elapsed: 00:00:00.01
SQL> GRANT CREATE SESSION TO "LK_CONSIG";

Grant succeeded.

Elapsed: 00:00:00.01
SQL> GRANT CREATE SESSION TO "SCPTOOLS";

Grant succeeded.

Elapsed: 00:00:00.00
SQL> GRANT CREATE SESSION TO "LK_CARTAO";

Grant succeeded.

Elapsed: 00:00:00.01
SQL> GRANT CREATE SESSION TO "LK_MIS";

Grant succeeded.

Elapsed: 00:00:00.00
SQL> GRANT CREATE SESSION TO "RETAG_INSS";

Grant succeeded.

Elapsed: 00:00:00.01
SQL> GRANT CREATE SESSION TO "DBLINK_TOOLSH";

Grant succeeded.

Elapsed: 00:00:00.01
SQL> GRANT CREATE SESSION TO "RETAGUARDA";

Grant succeeded.

Elapsed: 00:00:00.00
SQL> GRANT CREATE SESSION TO "LK_MIS_RETAG";

Grant succeeded.

Elapsed: 00:00:00.01
SQL> GRANT CREATE SESSION TO "NETBACKUP";

Grant succeeded.

Elapsed: 00:00:00.00
SQL> GRANT CREATE SESSION TO "DBLINK_FINHOMO11G";

Grant succeeded.

Elapsed: 00:00:00.01
SQL> GRANT CREATE SESSION TO "LK_SUPORTE_TI";

Grant succeeded.

Elapsed: 00:00:00.00
SQL> GRANT CREATE SESSION TO "SCPTOOLS1_JOBS";

Grant succeeded.

Elapsed: 00:00:00.01
SQL> GRANT CREATE SESSION TO "SCPTOOLS1";

Grant succeeded.

Elapsed: 00:00:00.01
SQL> GRANT CREATE SESSION TO "TOOLS";

Grant succeeded.

Elapsed: 00:00:00.00
SQL> GRANT CREATE SESSION TO "DBL_BI_ODI";

Grant succeeded.

Elapsed: 00:00:00.01
SQL> GRANT CREATE SESSION TO "SQLGERENCIAL";

Grant succeeded.

Elapsed: 00:00:00.00
SQL> GRANT CREATE DATABASE LINK TO "CARTAO_JOBS";

Grant succeeded.

Elapsed: 00:00:00.01
SQL> GRANT CREATE DATABASE LINK TO "SCA";

Grant succeeded.

Elapsed: 00:00:00.00
SQL> GRANT CREATE DATABASE LINK TO "BACEN";

Grant succeeded.

Elapsed: 00:00:00.01
SQL> GRANT CREATE DATABASE LINK TO "SUPORTERJ";

Grant succeeded.

Elapsed: 00:00:00.01
SQL> GRANT CREATE DATABASE LINK TO "CARTAO";

Grant succeeded.

Elapsed: 00:00:00.00
SQL> GRANT CREATE DATABASE LINK TO "LK_CARTAO_BINOVO";

Grant succeeded.

Elapsed: 00:00:00.01
SQL> GRANT CREATE DATABASE LINK TO "RETAGUARDA_JOBS";

Grant succeeded.

Elapsed: 00:00:00.00
SQL> GRANT CREATE DATABASE LINK TO "LK_CONSIG";

Grant succeeded.

Elapsed: 00:00:00.00
SQL> GRANT CREATE DATABASE LINK TO "SCPTOOLS";

Grant succeeded.

Elapsed: 00:00:00.01
SQL> GRANT CREATE DATABASE LINK TO "LK_CARTAO";

Grant succeeded.

Elapsed: 00:00:00.01
SQL> GRANT CREATE DATABASE LINK TO "LK_MIS";

Grant succeeded.

Elapsed: 00:00:00.01
SQL> GRANT CREATE DATABASE LINK TO "RETAG_INSS";

Grant succeeded.

Elapsed: 00:00:00.00
SQL> GRANT CREATE DATABASE LINK TO "DBLINK_TOOLSH";

Grant succeeded.

Elapsed: 00:00:00.01
SQL> GRANT CREATE DATABASE LINK TO "RETAGUARDA";

Grant succeeded.

Elapsed: 00:00:00.00
SQL> GRANT CREATE DATABASE LINK TO "LK_MIS_RETAG";

Grant succeeded.

Elapsed: 00:00:00.01
SQL> GRANT CREATE DATABASE LINK TO "NETBACKUP";

Grant succeeded.

Elapsed: 00:00:00.00
SQL> GRANT CREATE DATABASE LINK TO "DBLINK_FINHOMO11G";

Grant succeeded.

Elapsed: 00:00:00.01
SQL> GRANT CREATE DATABASE LINK TO "LK_SUPORTE_TI";

Grant succeeded.

Elapsed: 00:00:00.01
SQL> GRANT CREATE DATABASE LINK TO "SCPTOOLS1_JOBS";

Grant succeeded.

Elapsed: 00:00:00.00
SQL> GRANT CREATE DATABASE LINK TO "SCPTOOLS1";

Grant succeeded.

Elapsed: 00:00:00.01
SQL> GRANT CREATE DATABASE LINK TO "TOOLS";

Grant succeeded.

Elapsed: 00:00:00.01
SQL> GRANT CREATE DATABASE LINK TO "DBL_BI_ODI";

Grant succeeded.

Elapsed: 00:00:00.00
SQL> GRANT CREATE DATABASE LINK TO "SQLGERENCIAL";

Grant succeeded.

Elapsed: 00:00:00.01
SQL> GRANT CREATE PUBLIC DATABASE LINK TO "CARTAO_JOBS";

Grant succeeded.

Elapsed: 00:00:00.00
SQL> GRANT CREATE PUBLIC DATABASE LINK TO "SCA";

Grant succeeded.

Elapsed: 00:00:00.01
SQL> GRANT CREATE PUBLIC DATABASE LINK TO "BACEN";

Grant succeeded.

Elapsed: 00:00:00.01
SQL> GRANT CREATE PUBLIC DATABASE LINK TO "SUPORTERJ";

Grant succeeded.

Elapsed: 00:00:00.00
SQL> GRANT CREATE PUBLIC DATABASE LINK TO "CARTAO";

Grant succeeded.

Elapsed: 00:00:00.01
SQL> GRANT CREATE PUBLIC DATABASE LINK TO "LK_CARTAO_BINOVO";

Grant succeeded.

Elapsed: 00:00:00.00
SQL> GRANT CREATE PUBLIC DATABASE LINK TO "RETAGUARDA_JOBS";

Grant succeeded.

Elapsed: 00:00:00.01
SQL> GRANT CREATE PUBLIC DATABASE LINK TO "LK_CONSIG";

Grant succeeded.

Elapsed: 00:00:00.00
SQL> GRANT CREATE PUBLIC DATABASE LINK TO "SCPTOOLS";

Grant succeeded.

Elapsed: 00:00:00.01
SQL> GRANT CREATE PUBLIC DATABASE LINK TO "LK_CARTAO";

Grant succeeded.

Elapsed: 00:00:00.01
SQL> GRANT CREATE PUBLIC DATABASE LINK TO "LK_MIS";

Grant succeeded.

Elapsed: 00:00:00.00
SQL> GRANT CREATE PUBLIC DATABASE LINK TO "RETAG_INSS";

Grant succeeded.

Elapsed: 00:00:00.01
SQL> GRANT CREATE PUBLIC DATABASE LINK TO "DBLINK_TOOLSH";

Grant succeeded.

Elapsed: 00:00:00.00
SQL> GRANT CREATE PUBLIC DATABASE LINK TO "RETAGUARDA";

Grant succeeded.

Elapsed: 00:00:00.01
SQL> GRANT CREATE PUBLIC DATABASE LINK TO "LK_MIS_RETAG";

Grant succeeded.

Elapsed: 00:00:00.00
SQL> GRANT CREATE PUBLIC DATABASE LINK TO "NETBACKUP";

Grant succeeded.

Elapsed: 00:00:00.01
SQL> GRANT CREATE PUBLIC DATABASE LINK TO "DBLINK_FINHOMO11G";

Grant succeeded.

Elapsed: 00:00:00.01
SQL> GRANT CREATE PUBLIC DATABASE LINK TO "LK_SUPORTE_TI";

Grant succeeded.

Elapsed: 00:00:00.00
SQL> GRANT CREATE PUBLIC DATABASE LINK TO "SCPTOOLS1_JOBS";

Grant succeeded.

Elapsed: 00:00:00.01
SQL> GRANT CREATE PUBLIC DATABASE LINK TO "SCPTOOLS1";

Grant succeeded.

Elapsed: 00:00:00.00
SQL> GRANT CREATE PUBLIC DATABASE LINK TO "TOOLS";

Grant succeeded.

Elapsed: 00:00:00.01
SQL> GRANT CREATE PUBLIC DATABASE LINK TO "DBL_BI_ODI";

Grant succeeded.

Elapsed: 00:00:00.01
SQL> GRANT CREATE PUBLIC DATABASE LINK TO "SQLGERENCIAL";

Grant succeeded.

Elapsed: 00:00:00.00
SQL> GRANT "CONNECT" TO "TOOLS";

Grant succeeded.

Elapsed: 00:00:00.02
SQL> GRANT "CONNECT" TO "SUPORTERJ";

Grant succeeded.

Elapsed: 00:00:00.02
SQL> GRANT "RESOURCE" TO "SUPORTERJ";

Grant succeeded.

Elapsed: 00:00:00.02
SQL> GRANT "RCARTAO" TO "SUPORTERJ";

Grant succeeded.

Elapsed: 00:00:00.02
SQL> GRANT SELECT ANY DICTIONARY TO "SUPORTERJ";

Grant succeeded.

Elapsed: 00:00:00.02
SQL> GRANT CREATE MATERIALIZED VIEW TO "SUPORTERJ";

Grant succeeded.

Elapsed: 00:00:00.00
SQL> GRANT SELECT ANY TABLE TO "SUPORTERJ";

Grant succeeded.

Elapsed: 00:00:00.01
SQL> GRANT CREATE TABLE TO "SUPORTERJ";

Grant succeeded.

Elapsed: 00:00:00.00
SQL> GRANT UNLIMITED TABLESPACE TO "SUPORTERJ";

Grant succeeded.

Elapsed: 00:00:00.01
SQL> GRANT "CONNECT" TO "SCPTOOLS1";

Grant succeeded.

Elapsed: 00:00:00.02
SQL> GRANT "RESOURCE" TO "SCPTOOLS1";

Grant succeeded.

Elapsed: 00:00:00.02
SQL> GRANT CREATE PROCEDURE TO "SCPTOOLS1";

Grant succeeded.

Elapsed: 00:00:00.00
SQL> GRANT ALTER USER TO "SCPTOOLS1";

Grant succeeded.

Elapsed: 00:00:00.01
SQL> GRANT UNLIMITED TABLESPACE TO "SCPTOOLS1";

Grant succeeded.

Elapsed: 00:00:00.00
SQL> GRANT "CONNECT" TO "SCPTOOLS";

Grant succeeded.

Elapsed: 00:00:00.02
SQL> GRANT "RESOURCE" TO "SCPTOOLS";

Grant succeeded.

Elapsed: 00:00:00.02
SQL> GRANT "SELECT_CATALOG_ROLE" TO "SCPTOOLS";

Grant succeeded.

Elapsed: 00:00:00.02
SQL> GRANT SELECT ANY TABLE TO "SCPTOOLS";

Grant succeeded.

Elapsed: 00:00:00.00
SQL> GRANT ALTER USER TO "SCPTOOLS";

Grant succeeded.

Elapsed: 00:00:00.01
SQL> GRANT UNLIMITED TABLESPACE TO "SCPTOOLS";

Grant succeeded.

Elapsed: 00:00:00.01
SQL> GRANT "RCARTAO" TO "SCA";

Grant succeeded.

Elapsed: 00:00:00.02
SQL> GRANT CREATE TRIGGER TO "SCA";

Grant succeeded.

Elapsed: 00:00:00.00
SQL> GRANT CREATE SYNONYM TO "SCA";

Grant succeeded.

Elapsed: 00:00:00.01
SQL> GRANT CREATE TABLE TO "SCA";

Grant succeeded.

Elapsed: 00:00:00.00
SQL> GRANT UNLIMITED TABLESPACE TO "SCA";

Grant succeeded.

Elapsed: 00:00:00.01
SQL> GRANT CREATE SESSION TO "SCA";

Grant succeeded.

Elapsed: 00:00:00.02
SQL> GRANT "CONNECT" TO "RETAGUARDA_JOBS";

Grant succeeded.

Elapsed: 00:00:00.02
SQL> GRANT "RESOURCE" TO "RETAGUARDA_JOBS";

Grant succeeded.

Elapsed: 00:00:00.01
SQL> GRANT CREATE JOB TO "RETAGUARDA_JOBS";

Grant succeeded.

Elapsed: 00:00:00.01
SQL> GRANT ALTER ANY MATERIALIZED VIEW TO "RETAGUARDA_JOBS";

Grant succeeded.

Elapsed: 00:00:00.00
SQL> GRANT CREATE ANY MATERIALIZED VIEW TO "RETAGUARDA_JOBS";

Grant succeeded.

Elapsed: 00:00:00.01
SQL> GRANT ALTER ANY PROCEDURE TO "RETAGUARDA_JOBS";

Grant succeeded.

Elapsed: 00:00:00.00
SQL> GRANT CREATE DATABASE LINK TO "RETAGUARDA_JOBS";

Grant succeeded.

Elapsed: 00:00:00.01
SQL> GRANT SELECT ANY TABLE TO "RETAGUARDA_JOBS";

Grant succeeded.

Elapsed: 00:00:00.00
SQL> GRANT "CONNECT" TO "RETAG_INSS";

Grant succeeded.

Elapsed: 00:00:00.02
SQL> GRANT CREATE TYPE TO "RETAG_INSS";

Grant succeeded.

Elapsed: 00:00:00.01
SQL> GRANT CREATE ANY DIRECTORY TO "RETAG_INSS";

Grant succeeded.

Elapsed: 00:00:00.01
SQL> GRANT CREATE MATERIALIZED VIEW TO "RETAG_INSS";

Grant succeeded.

Elapsed: 00:00:00.00
SQL> GRANT CREATE TRIGGER TO "RETAG_INSS";

Grant succeeded.

Elapsed: 00:00:00.01
SQL> GRANT CREATE SYNONYM TO "RETAG_INSS";

Grant succeeded.

Elapsed: 00:00:00.01
SQL> GRANT CREATE TABLE TO "RETAG_INSS";

Grant succeeded.

Elapsed: 00:00:00.00
SQL> GRANT UNLIMITED TABLESPACE TO "RETAG_INSS";

Grant succeeded.

Elapsed: 00:00:00.01
SQL> GRANT ALTER SESSION TO "RETAG_INSS";

Grant succeeded.

Elapsed: 00:00:00.01
SQL> GRANT CREATE SESSION TO "RETAG_INSS";

Grant succeeded.

Elapsed: 00:00:00.00
SQL> GRANT "CONNECT" TO "RETAGUARDA";

Grant succeeded.

Elapsed: 00:00:00.02
SQL> GRANT "RESOURCE" TO "RETAGUARDA";

Grant succeeded.

Elapsed: 00:00:00.02
SQL> GRANT "SELECT_CATALOG_ROLE" TO "RETAGUARDA";

Grant succeeded.

Elapsed: 00:00:00.02
SQL> GRANT "PLUSTRACE" TO "RETAGUARDA";

Grant succeeded.

Elapsed: 00:00:00.02
SQL> GRANT DEBUG ANY PROCEDURE TO "RETAGUARDA";

Grant succeeded.

Elapsed: 00:00:00.00
SQL> GRANT CREATE MATERIALIZED VIEW TO "RETAGUARDA";

Grant succeeded.

Elapsed: 00:00:00.01
SQL> GRANT CREATE PROCEDURE TO "RETAGUARDA";

Grant succeeded.

Elapsed: 00:00:00.00
SQL> GRANT CREATE VIEW TO "RETAGUARDA";

Grant succeeded.

Elapsed: 00:00:00.01
SQL> GRANT CREATE SYNONYM TO "RETAGUARDA";

Grant succeeded.

Elapsed: 00:00:00.01
SQL> GRANT SELECT ANY TABLE TO "RETAGUARDA";

Grant succeeded.

Elapsed: 00:00:00.00
SQL> GRANT CREATE ANY TABLE TO "RETAGUARDA";

Grant succeeded.

Elapsed: 00:00:00.01
SQL> GRANT CREATE TABLE TO "RETAGUARDA";

Grant succeeded.

Elapsed: 00:00:00.00
SQL> GRANT UNLIMITED TABLESPACE TO "RETAGUARDA";

Grant succeeded.

Elapsed: 00:00:00.01
SQL> GRANT ALTER SESSION TO "RETAGUARDA";

Grant succeeded.

Elapsed: 00:00:00.00
SQL> GRANT "CONNECT" TO "LK_CARTAO_BINOVO";

Grant succeeded.

Elapsed: 00:00:00.03
SQL> GRANT "RESOURCE" TO "LK_CARTAO_BINOVO";

Grant succeeded.

Elapsed: 00:00:00.02
SQL> GRANT "RCARTAO" TO "LK_CARTAO_BINOVO";

Grant succeeded.

Elapsed: 00:00:00.01
SQL> GRANT "PLUSTRACE" TO "LK_CARTAO_BINOVO";

Grant succeeded.

Elapsed: 00:00:00.02
SQL> GRANT UNLIMITED TABLESPACE TO "LK_CARTAO_BINOVO";

Grant succeeded.

Elapsed: 00:00:00.01
SQL> GRANT ALTER SESSION TO "LK_CARTAO_BINOVO";

Grant succeeded.

Elapsed: 00:00:00.00
SQL> GRANT CREATE SESSION TO "LK_CARTAO_BINOVO";

Grant succeeded.

Elapsed: 00:00:00.01
SQL> GRANT "RL_SUPORTE_TI" TO "LK_SUPORTE_TI";

Grant succeeded.

Elapsed: 00:00:00.02
SQL> GRANT CREATE SESSION TO "LK_SUPORTE_TI";

Grant succeeded.

Elapsed: 00:00:00.00
SQL> GRANT "CONNECT" TO "LK_MIS_RETAG";

Grant succeeded.

Elapsed: 00:00:00.02
SQL> GRANT CREATE SESSION TO "LK_MIS_RETAG";

Grant succeeded.

Elapsed: 00:00:00.01
SQL> GRANT "CONNECT" TO "LK_CONSIG";

Grant succeeded.

Elapsed: 00:00:00.02
SQL> GRANT CREATE SESSION TO "LK_CARTAO";

Grant succeeded.

Elapsed: 00:00:00.00
SQL> GRANT "CONNECT" TO "LK_MIS";

Grant succeeded.

Elapsed: 00:00:00.02
SQL> GRANT "CONNECT" TO "DBLINK_FINHOMO11G";

Grant succeeded.

Elapsed: 00:00:00.02
SQL> GRANT CREATE SESSION TO "DBLINK_TOOLSH";

Grant succeeded.

Elapsed: 00:00:00.00
SQL> GRANT "CONNECT" TO "DBL_BI_ODI";

Grant succeeded.

Elapsed: 00:00:00.02
SQL> GRANT "CONNECT" TO "CARTAO";

Grant succeeded.

Elapsed: 00:00:00.02
SQL> GRANT "RESOURCE" TO "CARTAO";

Grant succeeded.

Elapsed: 00:00:00.02
SQL> GRANT "RCARTAO" TO "CARTAO";

Grant succeeded.

Elapsed: 00:00:00.01
SQL> GRANT "PLUSTRACE" TO "CARTAO";

Grant succeeded.

Elapsed: 00:00:00.02
SQL> GRANT CREATE ANY DIRECTORY TO "CARTAO";

Grant succeeded.

Elapsed: 00:00:00.01
SQL> GRANT CREATE TRIGGER TO "CARTAO";

Grant succeeded.

Elapsed: 00:00:00.00
SQL> GRANT CREATE DATABASE LINK TO "CARTAO";

Grant succeeded.

Elapsed: 00:00:00.01
SQL> GRANT CREATE SYNONYM TO "CARTAO";

Grant succeeded.

Elapsed: 00:00:00.00
SQL> GRANT CREATE TABLE TO "CARTAO";

Grant succeeded.

Elapsed: 00:00:00.01
SQL> GRANT UNLIMITED TABLESPACE TO "CARTAO";

Grant succeeded.

Elapsed: 00:00:00.00
SQL> GRANT ALTER SESSION TO "CARTAO";

Grant succeeded.

Elapsed: 00:00:00.01
SQL> GRANT CREATE SESSION TO "CARTAO";

Grant succeeded.

Elapsed: 00:00:00.01
SQL> GRANT "CONNECT" TO "SQLGERENCIAL";

Grant succeeded.

Elapsed: 00:00:00.02
SQL> GRANT CREATE SESSION TO "SQLGERENCIAL";

Grant succeeded.

Elapsed: 00:00:00.01
SQL> GRANT "CONNECT" TO "SCPTOOLS1_JOBS";

Grant succeeded.

Elapsed: 00:00:00.02
SQL> GRANT "RESOURCE" TO "SCPTOOLS1_JOBS";

Grant succeeded.

Elapsed: 00:00:00.01
SQL> GRANT CREATE JOB TO "SCPTOOLS1_JOBS";

Grant succeeded.

Elapsed: 00:00:00.01
SQL> GRANT SELECT ANY TABLE TO "SCPTOOLS1_JOBS";

Grant succeeded.

Elapsed: 00:00:00.00
SQL> GRANT UNLIMITED TABLESPACE TO "SCPTOOLS1_JOBS";

Grant succeeded.

Elapsed: 00:00:00.01
SQL> GRANT "CONNECT" TO "CARTAO_JOBS";

Grant succeeded.

Elapsed: 00:00:00.02
SQL> GRANT "RESOURCE" TO "CARTAO_JOBS";

Grant succeeded.

Elapsed: 00:00:00.01
SQL> GRANT "RCARTAO" TO "CARTAO_JOBS";

Grant succeeded.

Elapsed: 00:00:00.02
SQL> GRANT CREATE ANY JOB TO "CARTAO_JOBS";

Grant succeeded.

Elapsed: 00:00:00.01
SQL> GRANT CREATE SYNONYM TO "CARTAO_JOBS";

Grant succeeded.

Elapsed: 00:00:00.01
SQL> GRANT SELECT ANY TABLE TO "CARTAO_JOBS";

Grant succeeded.

Elapsed: 00:00:00.00
SQL> GRANT UNLIMITED TABLESPACE TO "CARTAO_JOBS";

Grant succeeded.

Elapsed: 00:00:00.01
SQL> GRANT ALTER SESSION TO "CARTAO_JOBS";

Grant succeeded.

Elapsed: 00:00:00.01
SQL> GRANT "RCARTAO" TO "BACEN";

Grant succeeded.

Elapsed: 00:00:00.02
SQL> GRANT CREATE TRIGGER TO "BACEN";

Grant succeeded.

Elapsed: 00:00:00.00
SQL> GRANT CREATE SYNONYM TO "BACEN";

Grant succeeded.

Elapsed: 00:00:00.01
SQL> GRANT CREATE TABLE TO "BACEN";

Grant succeeded.

Elapsed: 00:00:00.00
SQL> GRANT UNLIMITED TABLESPACE TO "BACEN";

Grant succeeded.

Elapsed: 00:00:00.01
SQL> GRANT CREATE SESSION TO "BACEN";

Grant succeeded.

Elapsed: 00:00:00.00
SQL> 
SQL> 
SQL> spool off
